#
# A fatal error has been detected by the Java Runtime Environment:
#
#  EXCEPTION_ACCESS_VIOLATION (0xc0000005) at pc=0x00007fffd643cdf0, pid=1228, tid=12844
#
# JRE version: OpenJDK Runtime Environment (15.0.1+9) (build 15.0.1+9-18)
# Java VM: OpenJDK 64-Bit Server VM (15.0.1+9-18, mixed mode, sharing, tiered, compressed oops, g1 gc, windows-amd64)
# Problematic frame:
# V  [jvm.dll+0xcdf0]
#
# No core dump will be written. Minidumps are not enabled by default on client versions of Windows
#
# If you would like to submit a bug report, please visit:
#   https://bugreport.java.com/bugreport/crash.jsp
#

---------------  S U M M A R Y ------------

Command Line: -javaagent:C:\Program Files\JetBrains\IntelliJ IDEA Community Edition 2020.3\lib\idea_rt.jar=54745:C:\Program Files\JetBrains\IntelliJ IDEA Community Edition 2020.3\bin -Dfile.encoding=UTF-8 MainKt

Host: Intel(R) Core(TM) i5-8265U CPU @ 1.60GHz, 8 cores, 7G,  Windows 10 , 64 bit Build 19041 (10.0.19041.1645)
Time: Sun May  8 21:41:37 2022 Russia TZ 2 Standard Time elapsed time: 15.116982 seconds (0d 0h 0m 15s)

---------------  T H R E A D  ---------------

Current thread (0x000001c07c070a20):  JavaThread "Thread-5" [_thread_in_vm, id=12844, stack(0x00000014fdd00000,0x00000014fde00000)]

Stack: [0x00000014fdd00000,0x00000014fde00000],  sp=0x00000014fddfef68,  free space=1019k
Native frames: (J=compiled Java code, j=interpreted, Vv=VM code, C=native code)
V  [jvm.dll+0xcdf0]

Java frames: (J=compiled Java code, j=interpreted, Vv=VM code)
j  com.fazecast.jSerialComm.SerialPort.readBytes(J[BJJ)I+0
j  com.fazecast.jSerialComm.SerialPort.readBytes([BJ)I+8
j  MainKt$initSerialCommunication$1.serialEvent(Lcom/fazecast/jSerialComm/SerialPortEvent;)V+24
j  com.fazecast.jSerialComm.SerialPort$SerialPortEventListener.waitForSerialEvent()V+596
j  com.fazecast.jSerialComm.SerialPort$SerialPortEventListener$1.run()V+32
j  java.lang.Thread.run()V+11 java.base@15.0.1
v  ~StubRoutines::call_stub

siginfo: EXCEPTION_ACCESS_VIOLATION (0xc0000005), reading address 0x0000000000000000


Register to memory mapping:

RIP=0x00007fffd643cdf0 jvm.dll
RAX=0x0 is NULL
RBX=0x000001c07c070a20 is a thread
RCX=0x0 is NULL
RDX=0x0 is NULL
RSP=0x00000014fddfef68 is pointing into the stack for thread: 0x000001c07c070a20
RBP=0x0 is NULL
RSI=0x000000000000000f is an unknown value
RDI=0x0 is NULL
R8 =0x0 is NULL
R9 =0x000000000000000f is an unknown value
R10=0x0 is NULL
R11=0x0000000000000246 is an unknown value
R12=0x0 is NULL
R13={method} {0x000001c0793d4a58} 'readBytes' '(J[BJJ)I' in 'com/fazecast/jSerialComm/SerialPort'
R14=0x0 is NULL
R15=0x0 is NULL


Registers:
RAX=0x0000000000000000, RBX=0x000001c07c070a20, RCX=0x0000000000000000, RDX=0x0000000000000000
RSP=0x00000014fddfef68, RBP=0x0000000000000000, RSI=0x000000000000000f, RDI=0x0000000000000000
R8 =0x0000000000000000, R9 =0x000000000000000f, R10=0x0000000000000000, R11=0x0000000000000246
R12=0x0000000000000000, R13=0x000001c0793d4a50, R14=0x0000000000000000, R15=0x0000000000000000
RIP=0x00007fffd643cdf0, EFLAGS=0x0000000000010246

Top of Stack: (sp=0x00000014fddfef68)
0x00000014fddfef68:   00007fffd67e44d3 000001c07b98ab90
0x00000014fddfef78:   000001c07c070d48 00000014fddff188
0x00000014fddfef88:   0000000000000d34 000001c07c070a20
0x00000014fddfef98:   0000000000000000 0000000000000000
0x00000014fddfefa8:   0000000000000000 0000000000000000
0x00000014fddfefb8:   000001c07b98ab90 000001c07c070d48
0x00000014fddfefc8:   00007ff82feb2fc5 0000000000000d3c
0x00000014fddfefd8:   0000000000000001 00000014fddff188
0x00000014fddfefe8:   0000000000000000 000001c07b98ab90
0x00000014fddfeff8:   000001c0793d4a50 000000000000000f
0x00000014fddff008:   0000000000000000 000000000000000f
0x00000014fddff018:   0000000000000000 0000000000000d34
0x00000014fddff028:   0000002900000080 000001c000000000
0x00000014fddff038:   00009513ad6365de 0000000000000158
0x00000014fddff048:   00000014fddff188 000001c07c070a20
0x00000014fddff058:   0000000000000158 000000000000009f 

Instructions: (pc=0x00007fffd643cdf0)
0x00007fffd643ccf0:   14 73 9e 00 48 83 c4 20 5b 48 ff e0 48 8d 05 ed
0x00007fffd643cd00:   00 00 00 48 8b cb 48 89 05 fb 72 9e 00 48 83 c4
0x00007fffd643cd10:   20 5b 48 ff e0 48 8d 05 d4 00 00 00 48 8b cb 48
0x00007fffd643cd20:   89 05 e2 72 9e 00 48 83 c4 20 5b 48 ff e0 48 8b
0x00007fffd643cd30:   0d 2b 6d a4 00 8b 51 10 83 ea 01 0f 84 8b 00 00
0x00007fffd643cd40:   00 83 ea 01 74 6d 83 ea 01 74 4f 83 fa 01 74 31
0x00007fffd643cd50:   4c 8d 05 b9 fe 7c 00 ba e8 00 00 00 48 8d 0d e5
0x00007fffd643cd60:   fe 7c 00 e8 d8 91 20 00 e8 d3 db 61 00 33 c0 48
0x00007fffd643cd70:   8b cb 48 89 05 8f 72 9e 00 48 83 c4 20 5b 48 ff
0x00007fffd643cd80:   e0 48 8d 05 78 00 00 00 48 8b cb 48 89 05 76 72
0x00007fffd643cd90:   9e 00 48 83 c4 20 5b 48 ff e0 48 8d 05 4f 00 00
0x00007fffd643cda0:   00 48 8b cb 48 89 05 5d 72 9e 00 48 83 c4 20 5b
0x00007fffd643cdb0:   48 ff e0 48 8d 05 36 00 00 00 48 8b cb 48 89 05
0x00007fffd643cdc0:   44 72 9e 00 48 83 c4 20 5b 48 ff e0 48 8d 05 1d
0x00007fffd643cdd0:   00 00 00 48 8b cb 48 89 05 2b 72 9e 00 48 83 c4
0x00007fffd643cde0:   20 5b 48 ff e0 cc cc cc cc cc cc cc cc cc cc cc
0x00007fffd643cdf0:   48 8b 01 c3 cc cc cc cc cc cc cc cc cc cc cc cc
0x00007fffd643ce00:   48 8b 11 e9 e8 fd ff ff cc cc cc cc cc cc cc cc
0x00007fffd643ce10:   8b 44 24 30 45 03 c9 44 2b 4c 24 28 83 c0 0b 44
0x00007fffd643ce20:   03 ca 45 03 c8 41 03 c1 c3 cc cc cc cc cc cc cc
0x00007fffd643ce30:   48 8b 41 08 0f b7 48 32 0f b7 40 30 83 c0 48 03
0x00007fffd643ce40:   c1 c3 cc cc cc cc cc cc cc cc cc cc cc cc cc cc
0x00007fffd643ce50:   48 89 5c 24 18 56 48 83 ec 20 48 85 15 67 10 ac
0x00007fffd643ce60:   00 48 8b da 48 8b f1 75 2e 48 85 d2 75 0d 33 c0
0x00007fffd643ce70:   48 8b 5c 24 40 48 83 c4 20 5e c3 48 8b 05 56 10
0x00007fffd643ce80:   ac 00 48 23 c3 48 0b 05 2c 10 ac 00 48 8b 5c 24
0x00007fffd643ce90:   40 48 83 c4 20 5e c3 48 8b cb 48 89 6c 24 30 e8
0x00007fffd643cea0:   0c 47 7a 00 48 8b e8 48 85 f6 74 5d 48 85 c0 74
0x00007fffd643ceb0:   58 48 89 7c 24 38 48 8b 3d 1b 10 ac 00 48 23 f8
0x00007fffd643cec0:   48 0b 3d 49 10 ac 00 74 3b 48 8b 05 c8 84 a0 00
0x00007fffd643ced0:   4c 8b c3 48 8b d6 48 8b cf ff d0 48 3b c3 74 24
0x00007fffd643cee0:   48 85 05 e1 0f ac 00 74 1b 4c 8b 0d a8 84 a0 00 


Stack slot to memory mapping:
stack at sp + 0 slots: 0x00007fffd67e44d3 jvm.dll
stack at sp + 1 slots: 0x000001c07b98ab90 points into unknown readable memory: 0x2170757465535881 | 81 58 53 65 74 75 70 21
stack at sp + 2 slots: 0x000001c07c070d48 points into unknown readable memory: 0x00007fffd6e2de40 | 40 de e2 d6 ff 7f 00 00
stack at sp + 3 slots: 0x00000014fddff188 is pointing into the stack for thread: 0x000001c07c070a20
stack at sp + 4 slots: 0x0000000000000d34 is an unknown value
stack at sp + 5 slots: 0x000001c07c070a20 is a thread
stack at sp + 6 slots: 0x0 is NULL
stack at sp + 7 slots: 0x0 is NULL


---------------  P R O C E S S  ---------------

Threads class SMR info:
_java_thread_list=0x000001c07bda7900, length=26, elements={
0x000001c06951cb20, 0x000001c078f5b130, 0x000001c078f5bd00, 0x000001c078f75fb0,
0x000001c078f78d80, 0x000001c078f79830, 0x000001c078f7fb00, 0x000001c078f83ba0,
0x000001c078f8f9d0, 0x000001c07997f1e0, 0x000001c079c76280, 0x000001c079bab2f0,
0x000001c07a24d9f0, 0x000001c07a24e710, 0x000001c07a1f56c0, 0x000001c07a1feae0,
0x000001c07a45ce60, 0x000001c07a45c4c0, 0x000001c07a45a310, 0x000001c07a45a7e0,
0x000001c07a459970, 0x000001c07a45acb0, 0x000001c07a45bff0, 0x000001c07c06da00,
0x000001c07c070a20, 0x000001c0116cd070
}

Java Threads: ( => current thread )
  0x000001c06951cb20 JavaThread "main" [_thread_blocked, id=8288, stack(0x00000014fb400000,0x00000014fb500000)]
  0x000001c078f5b130 JavaThread "Reference Handler" daemon [_thread_blocked, id=2636, stack(0x00000014fbb00000,0x00000014fbc00000)]
  0x000001c078f5bd00 JavaThread "Finalizer" daemon [_thread_blocked, id=20924, stack(0x00000014fbc00000,0x00000014fbd00000)]
  0x000001c078f75fb0 JavaThread "Signal Dispatcher" daemon [_thread_blocked, id=23340, stack(0x00000014fbd00000,0x00000014fbe00000)]
  0x000001c078f78d80 JavaThread "Attach Listener" daemon [_thread_blocked, id=17084, stack(0x00000014fbe00000,0x00000014fbf00000)]
  0x000001c078f79830 JavaThread "Service Thread" daemon [_thread_blocked, id=928, stack(0x00000014fbf00000,0x00000014fc000000)]
  0x000001c078f7fb00 JavaThread "C2 CompilerThread0" daemon [_thread_blocked, id=11316, stack(0x00000014fc000000,0x00000014fc100000)]
  0x000001c078f83ba0 JavaThread "C1 CompilerThread0" daemon [_thread_blocked, id=4284, stack(0x00000014fc100000,0x00000014fc200000)]
  0x000001c078f8f9d0 JavaThread "Sweeper thread" daemon [_thread_blocked, id=12184, stack(0x00000014fc200000,0x00000014fc300000)]
  0x000001c07997f1e0 JavaThread "Common-Cleaner" daemon [_thread_blocked, id=20052, stack(0x00000014fc300000,0x00000014fc400000)]
  0x000001c079c76280 JavaThread "Monitor Ctrl-Break" daemon [_thread_in_native, id=13052, stack(0x00000014fc500000,0x00000014fc600000)]
  0x000001c079bab2f0 JavaThread "Notification Thread" daemon [_thread_blocked, id=22044, stack(0x00000014fc600000,0x00000014fc700000)]
  0x000001c07a24d9f0 JavaThread "Java2D Disposer" daemon [_thread_blocked, id=5208, stack(0x00000014fc400000,0x00000014fc500000)]
  0x000001c07a24e710 JavaThread "AWT-Shutdown" [_thread_blocked, id=3504, stack(0x00000014fc800000,0x00000014fc900000)]
  0x000001c07a1f56c0 JavaThread "AWT-Windows" daemon [_thread_in_native, id=24852, stack(0x00000014fc900000,0x00000014fca00000)]
  0x000001c07a1feae0 JavaThread "AWT-EventQueue-0" [_thread_in_native, id=22500, stack(0x00000014fca00000,0x00000014fcb00000)]
  0x000001c07a45ce60 JavaThread "DefaultDispatcher-worker-1" daemon [_thread_blocked, id=18704, stack(0x00000014fcb00000,0x00000014fcc00000)]
  0x000001c07a45c4c0 JavaThread "DefaultDispatcher-worker-2" daemon [_thread_blocked, id=2240, stack(0x00000014fcc00000,0x00000014fcd00000)]
  0x000001c07a45a310 JavaThread "DefaultDispatcher-worker-3" daemon [_thread_blocked, id=25504, stack(0x00000014fcd00000,0x00000014fce00000)]
  0x000001c07a45a7e0 JavaThread "kotlinx.coroutines.DefaultExecutor" daemon [_thread_blocked, id=17388, stack(0x00000014fce00000,0x00000014fcf00000)]
  0x000001c07a459970 JavaThread "Cleaner-0" daemon [_thread_blocked, id=22176, stack(0x00000014fcf00000,0x00000014fd000000)]
  0x000001c07a45acb0 JavaThread "Swing-Shell" daemon [_thread_blocked, id=22796, stack(0x00000014fd600000,0x00000014fd700000)]
  0x000001c07a45bff0 JavaThread "timer" [_thread_blocked, id=25340, stack(0x00000014fde00000,0x00000014fdf00000)]
  0x000001c07c06da00 JavaThread "timer_2" [_thread_blocked, id=16520, stack(0x00000014fd500000,0x00000014fd600000)]
=>0x000001c07c070a20 JavaThread "Thread-5" [_thread_in_vm, id=12844, stack(0x00000014fdd00000,0x00000014fde00000)]
  0x000001c0116cd070 JavaThread "C2 CompilerThread1" daemon [_thread_in_native, id=25052, stack(0x00000014fe100000,0x00000014fe200000)]

Other Threads:
  0x000001c078f55890 VMThread "VM Thread" [stack: 0x00000014fba00000,0x00000014fbb00000] [id=13376]
  0x000001c079c76750 WatcherThread [stack: 0x00000014fc700000,0x00000014fc800000] [id=6828]
  0x000001c06955c360 GCTaskThread "GC Thread#0" [stack: 0x00000014fb500000,0x00000014fb600000] [id=292]
  0x000001c079a24120 GCTaskThread "GC Thread#1" [stack: 0x00000014fd000000,0x00000014fd100000] [id=3824]
  0x000001c079a24450 GCTaskThread "GC Thread#2" [stack: 0x00000014fd100000,0x00000014fd200000] [id=15644]
  0x000001c079a25110 GCTaskThread "GC Thread#3" [stack: 0x00000014fd200000,0x00000014fd300000] [id=12176]
  0x000001c07a4d0d50 GCTaskThread "GC Thread#4" [stack: 0x00000014fd300000,0x00000014fd400000] [id=20272]
  0x000001c07a4d23a0 GCTaskThread "GC Thread#5" [stack: 0x00000014fd400000,0x00000014fd500000] [id=1012]
  0x000001c07a4d1080 GCTaskThread "GC Thread#6" [stack: 0x00000014fdf00000,0x00000014fe000000] [id=11704]
  0x000001c07a4cf700 GCTaskThread "GC Thread#7" [stack: 0x00000014fe000000,0x00000014fe100000] [id=19768]
  0x000001c06956cff0 ConcurrentGCThread "G1 Main Marker" [stack: 0x00000014fb600000,0x00000014fb700000] [id=2928]
  0x000001c06956e380 ConcurrentGCThread "G1 Conc#0" [stack: 0x00000014fb700000,0x00000014fb800000] [id=3780]
  0x000001c07a4d26d0 ConcurrentGCThread "G1 Conc#1" [stack: 0x00000014fdc00000,0x00000014fdd00000] [id=17612]
  0x000001c0695e7c10 ConcurrentGCThread "G1 Refine#0" [stack: 0x00000014fb800000,0x00000014fb900000] [id=17820]
  0x000001c078dd17e0 ConcurrentGCThread "G1 Young RemSet Sampling" [stack: 0x00000014fb900000,0x00000014fba00000] [id=17648]

Threads with active compile tasks:
C2 CompilerThread1    15328 4304   !   4       sun.awt.PostEventQueue::flush (168 bytes)

VM state: not at safepoint (normal execution)

VM Mutex/Monitor currently owned by a thread: None

Heap address: 0x0000000082600000, size: 2010 MB, Compressed Oops mode: 32-bit
CDS archive(s) mapped at: [0x0000000800000000-0x0000000800b50000-0x0000000800b50000), size 11862016, SharedBaseAddress: 0x0000000800000000, ArchiveRelocationMode: 0.
Compressed class space mapped at: 0x0000000800b50000-0x0000000840b50000, size: 1073741824
Narrow klass base: 0x0000000800000000, Narrow klass shift: 3, Narrow klass range: 0x100000000

GC Precious Log:
 CPUs: 8 total, 8 available
 Memory: 8039M
 Large Page Support: Disabled
 NUMA Support: Disabled
 Compressed Oops: Enabled (32-bit)
 Heap Region Size: 1M
 Heap Min Capacity: 8M
 Heap Initial Capacity: 126M
 Heap Max Capacity: 2010M
 Pre-touch: Disabled
 Parallel Workers: 8
 Concurrent Workers: 2
 Concurrent Refinement Workers: 8
 Periodic GC: Disabled

Heap:
 garbage-first heap   total 31744K, used 16764K [0x0000000082600000, 0x0000000100000000)
  region size 1024K, 3 young (3072K), 1 survivors (1024K)
 Metaspace       used 31373K, capacity 31610K, committed 31920K, reserved 1077248K
  class space    used 3377K, capacity 3489K, committed 3584K, reserved 1048576K

Heap Regions: E=young(eden), S=young(survivor), O=old, HS=humongous(starts), HC=humongous(continues), CS=collection set, F=free, OA=open archive, CA=closed archive, TAMS=top-at-mark-start (previous, next)
|   0|0x0000000082600000, 0x0000000082700000, 0x0000000082700000|100%| O|  |TAMS 0x0000000082700000, 0x0000000082600000| Untracked 
|   1|0x0000000082700000, 0x0000000082800000, 0x0000000082800000|100%| O|  |TAMS 0x0000000082800000, 0x0000000082700000| Untracked 
|   2|0x0000000082800000, 0x0000000082900000, 0x0000000082900000|100%| O|  |TAMS 0x0000000082900000, 0x0000000082800000| Untracked 
|   3|0x0000000082900000, 0x0000000082a00000, 0x0000000082a00000|100%| O|  |TAMS 0x0000000082a00000, 0x0000000082900000| Untracked 
|   4|0x0000000082a00000, 0x0000000082b00000, 0x0000000082b00000|100%| O|  |TAMS 0x0000000082b00000, 0x0000000082a00000| Untracked 
|   5|0x0000000082b00000, 0x0000000082c00000, 0x0000000082c00000|100%| O|  |TAMS 0x0000000082c00000, 0x0000000082b00000| Untracked 
|   6|0x0000000082c00000, 0x0000000082d00000, 0x0000000082d00000|100%| O|  |TAMS 0x0000000082d00000, 0x0000000082c00000| Untracked 
|   7|0x0000000082d00000, 0x0000000082d00000, 0x0000000082e00000|  0%| F|  |TAMS 0x0000000082d00000, 0x0000000082d00000| Untracked 
|   8|0x0000000082e00000, 0x0000000082f00000, 0x0000000082f00000|100%| O|  |TAMS 0x0000000082f00000, 0x0000000082e00000| Untracked 
|   9|0x0000000082f00000, 0x0000000082f90600, 0x0000000083000000| 56%| O|  |TAMS 0x0000000082f90600, 0x0000000082f00000| Untracked 
|  10|0x0000000083000000, 0x0000000083000000, 0x0000000083100000|  0%| F|  |TAMS 0x0000000083000000, 0x0000000083000000| Untracked 
|  11|0x0000000083100000, 0x0000000083100000, 0x0000000083200000|  0%| F|  |TAMS 0x0000000083100000, 0x0000000083100000| Untracked 
|  12|0x0000000083200000, 0x0000000083300000, 0x0000000083300000|100%|HS|  |TAMS 0x0000000083300000, 0x0000000083200000| Complete 
|  13|0x0000000083300000, 0x0000000083400000, 0x0000000083400000|100%|HC|  |TAMS 0x0000000083400000, 0x0000000083300000| Complete 
|  14|0x0000000083400000, 0x0000000083500000, 0x0000000083500000|100%|HC|  |TAMS 0x0000000083500000, 0x0000000083400000| Complete 
|  15|0x0000000083500000, 0x0000000083600000, 0x0000000083600000|100%|HC|  |TAMS 0x0000000083600000, 0x0000000083500000| Complete 
|  16|0x0000000083600000, 0x0000000083700000, 0x0000000083700000|100%|HC|  |TAMS 0x0000000083700000, 0x0000000083600000| Complete 
|  17|0x0000000083700000, 0x0000000083800000, 0x0000000083800000|100%|HC|  |TAMS 0x0000000083800000, 0x0000000083700000| Complete 
|  18|0x0000000083800000, 0x0000000083800000, 0x0000000083900000|  0%| F|  |TAMS 0x0000000083800000, 0x0000000083800000| Untracked 
|  19|0x0000000083900000, 0x0000000083900000, 0x0000000083a00000|  0%| F|  |TAMS 0x0000000083900000, 0x0000000083900000| Untracked 
|  20|0x0000000083a00000, 0x0000000083a00000, 0x0000000083b00000|  0%| F|  |TAMS 0x0000000083a00000, 0x0000000083a00000| Untracked 
|  21|0x0000000083b00000, 0x0000000083b00000, 0x0000000083c00000|  0%| F|  |TAMS 0x0000000083b00000, 0x0000000083b00000| Untracked 
|  22|0x0000000083c00000, 0x0000000083ccedc0, 0x0000000083d00000| 80%| S|CS|TAMS 0x0000000083c00000, 0x0000000083c00000| Complete 
|  23|0x0000000083d00000, 0x0000000083d00000, 0x0000000083e00000|  0%| F|  |TAMS 0x0000000083d00000, 0x0000000083d00000| Untracked 
|  24|0x0000000083e00000, 0x0000000083e00000, 0x0000000083f00000|  0%| F|  |TAMS 0x0000000083e00000, 0x0000000083e00000| Untracked 
|  25|0x0000000083f00000, 0x0000000083f00000, 0x0000000084000000|  0%| F|  |TAMS 0x0000000083f00000, 0x0000000083f00000| Untracked 
|  94|0x0000000088400000, 0x0000000088400000, 0x0000000088500000|  0%| F|  |TAMS 0x0000000088400000, 0x0000000088400000| Untracked 
|  95|0x0000000088500000, 0x0000000088500000, 0x0000000088600000|  0%| F|  |TAMS 0x0000000088500000, 0x0000000088500000| Untracked 
|  96|0x0000000088600000, 0x0000000088600000, 0x0000000088700000|  0%| F|  |TAMS 0x0000000088600000, 0x0000000088600000| Untracked 
| 124|0x000000008a200000, 0x000000008a273130, 0x000000008a300000| 44%| E|  |TAMS 0x000000008a200000, 0x000000008a200000| Complete 
| 125|0x000000008a300000, 0x000000008a400000, 0x000000008a400000|100%| E|CS|TAMS 0x000000008a300000, 0x000000008a300000| Complete 

Card table byte_map: [0x000001c071e70000,0x000001c072260000] _byte_map_base: 0x000001c071a5d000

Marking Bits (Prev, Next): (CMBitMap*) 0x000001c06955cb50, (CMBitMap*) 0x000001c06955cb90
 Prev Bits: [0x000001c072650000, 0x000001c0745b8000)
 Next Bits: [0x000001c0745c0000, 0x000001c076528000)

Polling page: 0x000001c068cf0000

Metaspace:

Usage:
  Non-class:     27.46 MB capacity,    27.34 MB (>99%) used,    85.24 KB ( <1%) free+waste,    39.69 KB ( <1%) overhead. 
      Class:      3.41 MB capacity,     3.30 MB ( 97%) used,    98.47 KB (  3%) free+waste,    13.38 KB ( <1%) overhead. 
       Both:     30.87 MB capacity,    30.64 MB (>99%) used,   183.71 KB ( <1%) free+waste,    53.06 KB ( <1%) overhead. 

Virtual space:
  Non-class space:       28.00 MB reserved,      27.67 MB ( 99%) committed 
      Class space:        1.00 GB reserved,       3.50 MB ( <1%) committed 
             Both:        1.03 GB reserved,      31.17 MB (  3%) committed 

Chunk freelists:
   Non-Class:  87.00 KB
       Class:  31.00 KB
        Both:  118.00 KB

MaxMetaspaceSize: 17179869184.00 GB
CompressedClassSpaceSize: 1.00 GB

CodeHeap 'non-profiled nmethods': size=120000Kb used=1810Kb max_used=1810Kb free=118190Kb
 bounds [0x000001c007ad0000, 0x000001c007d40000, 0x000001c00f000000]
CodeHeap 'profiled nmethods': size=120000Kb used=8242Kb max_used=8242Kb free=111757Kb
 bounds [0x000001c0005a0000, 0x000001c000db0000, 0x000001c007ad0000]
CodeHeap 'non-nmethods': size=5760Kb used=1711Kb max_used=1796Kb free=4048Kb
 bounds [0x000001c000000000, 0x000001c000270000, 0x000001c0005a0000]
 total_blobs=5451 nmethods=4336 adapters=1027
 compilation: enabled
              stopped_count=0, restarted_count=0
 full_count=0

Compilation events (20 events):
Event: 15.038 Thread 0x000001c078f83ba0 nmethod 4295 0x000001c000d8e210 code [0x000001c000d8e480, 0x000001c000d8eea8]
Event: 15.041 Thread 0x000001c078f83ba0 4297       3       androidx.compose.material.ContentAlpha::contentAlpha (130 bytes)
Event: 15.045 Thread 0x000001c0116cd070 nmethod 4296 0x000001c007c89f10 code [0x000001c007c8a0c0, 0x000001c007c8a428]
Event: 15.046 Thread 0x000001c078f83ba0 nmethod 4297 0x000001c000d8f290 code [0x000001c000d8f800, 0x000001c000d91e68]
Event: 15.046 Thread 0x000001c078f83ba0 4298       3       androidx.compose.runtime.snapshots.SnapshotKt::mergedWriteObserver (43 bytes)
Event: 15.047 Thread 0x000001c078f83ba0 nmethod 4298 0x000001c000d92d10 code [0x000001c000d92f00, 0x000001c000d93568]
Event: 15.047 Thread 0x000001c078f83ba0 4299       3       androidx.compose.runtime.snapshots.SnapshotKt::access$mergedWriteObserver (6 bytes)
Event: 15.047 Thread 0x000001c078f83ba0 nmethod 4299 0x000001c000d93710 code [0x000001c000d938a0, 0x000001c000d939a8]
Event: 15.047 Thread 0x000001c078f83ba0 4300       3       androidx.compose.runtime.snapshots.TransparentObserverMutableSnapshot::dispose (6 bytes)
Event: 15.047 Thread 0x000001c078f83ba0 nmethod 4300 0x000001c000d93a90 code [0x000001c000d93c20, 0x000001c000d93d38]
Event: 15.050 Thread 0x000001c078f83ba0 4301       3       kotlinx.coroutines.scheduling.CoroutineScheduler::tryUnpark (36 bytes)
Event: 15.051 Thread 0x000001c078f83ba0 nmethod 4301 0x000001c000d93e10 code [0x000001c000d93fe0, 0x000001c000d94348]
Event: 15.051 Thread 0x000001c078f83ba0 4302       3       kotlinx.coroutines.scheduling.CoroutineScheduler::parkedWorkersStackPop (106 bytes)
Event: 15.053 Thread 0x000001c078f83ba0 nmethod 4302 0x000001c000d94490 code [0x000001c000d94740, 0x000001c000d95628]
Event: 15.053 Thread 0x000001c078f83ba0 4303       3       kotlinx.coroutines.scheduling.CoroutineScheduler::parkedWorkersStackPush (124 bytes)
Event: 15.056 Thread 0x000001c078f83ba0 nmethod 4303 0x000001c000d95b90 code [0x000001c000d95e40, 0x000001c000d96c58]
Event: 15.062 Thread 0x000001c0116cd070 4304   !   4       sun.awt.PostEventQueue::flush (168 bytes)
Event: 15.062 Thread 0x000001c078f83ba0 4305       3       org.jetbrains.skiko.FrameDispatcher$job$1::invokeSuspend (156 bytes)
Event: 15.064 Thread 0x000001c078f83ba0 nmethod 4305 0x000001c000d97190 code [0x000001c000d97440, 0x000001c000d988c8]
Event: 15.089 Thread 0x000001c078f7fb00 nmethod 4286 0x000001c007c8a790 code [0x000001c007c8a9e0, 0x000001c007c8c6e0]

GC Heap History (12 events):
Event: 1.431 GC heap before
{Heap before GC invocations=0 (full 0):
 garbage-first heap   total 129024K, used 23552K [0x0000000082600000, 0x0000000100000000)
  region size 1024K, 23 young (23552K), 0 survivors (0K)
 Metaspace       used 9382K, capacity 9605K, committed 9728K, reserved 1058816K
  class space    used 888K, capacity 963K, committed 1024K, reserved 1048576K
}
Event: 1.446 GC heap after
{Heap after GC invocations=1 (full 0):
 garbage-first heap   total 129024K, used 4025K [0x0000000082600000, 0x0000000100000000)
  region size 1024K, 3 young (3072K), 3 survivors (3072K)
 Metaspace       used 9382K, capacity 9605K, committed 9728K, reserved 1058816K
  class space    used 888K, capacity 963K, committed 1024K, reserved 1048576K
}
Event: 4.459 GC heap before
{Heap before GC invocations=1 (full 0):
 garbage-first heap   total 129024K, used 28601K [0x0000000082600000, 0x0000000100000000)
  region size 1024K, 29 young (29696K), 3 survivors (3072K)
 Metaspace       used 21065K, capacity 21215K, committed 21296K, reserved 1069056K
  class space    used 2351K, capacity 2421K, committed 2432K, reserved 1048576K
}
Event: 4.467 GC heap after
{Heap after GC invocations=2 (full 0):
 garbage-first heap   total 129024K, used 6321K [0x0000000082600000, 0x0000000100000000)
  region size 1024K, 3 young (3072K), 3 survivors (3072K)
 Metaspace       used 21065K, capacity 21215K, committed 21296K, reserved 1069056K
  class space    used 2351K, capacity 2421K, committed 2432K, reserved 1048576K
}
Event: 5.041 GC heap before
{Heap before GC invocations=3 (full 0):
 garbage-first heap   total 30720K, used 21681K [0x0000000082600000, 0x0000000100000000)
  region size 1024K, 18 young (18432K), 3 survivors (3072K)
 Metaspace       used 24443K, capacity 24665K, committed 24880K, reserved 1071104K
  class space    used 2726K, capacity 2817K, committed 2944K, reserved 1048576K
}
Event: 5.048 GC heap after
{Heap after GC invocations=4 (full 0):
 garbage-first heap   total 30720K, used 7329K [0x0000000082600000, 0x0000000100000000)
  region size 1024K, 2 young (2048K), 2 survivors (2048K)
 Metaspace       used 24443K, capacity 24665K, committed 24880K, reserved 1071104K
  class space    used 2726K, capacity 2817K, committed 2944K, reserved 1048576K
}
Event: 7.765 GC heap before
{Heap before GC invocations=4 (full 0):
 garbage-first heap   total 30720K, used 27809K [0x0000000082600000, 0x0000000100000000)
  region size 1024K, 16 young (16384K), 2 survivors (2048K)
 Metaspace       used 28213K, capacity 28409K, committed 28720K, reserved 1075200K
  class space    used 3083K, capacity 3169K, committed 3200K, reserved 1048576K
}
Event: 7.770 GC heap after
{Heap after GC invocations=5 (full 0):
 garbage-first heap   total 31744K, used 14978K [0x0000000082600000, 0x0000000100000000)
  region size 1024K, 2 young (2048K), 2 survivors (2048K)
 Metaspace       used 28213K, capacity 28409K, committed 28720K, reserved 1075200K
  class space    used 3083K, capacity 3169K, committed 3200K, reserved 1048576K
}
Event: 8.337 GC heap before
{Heap before GC invocations=5 (full 0):
 garbage-first heap   total 31744K, used 24194K [0x0000000082600000, 0x0000000100000000)
  region size 1024K, 11 young (11264K), 2 survivors (2048K)
 Metaspace       used 30022K, capacity 30297K, committed 30512K, reserved 1077248K
  class space    used 3295K, capacity 3393K, committed 3456K, reserved 1048576K
}
Event: 8.343 GC heap after
{Heap after GC invocations=6 (full 0):
 garbage-first heap   total 31744K, used 15784K [0x0000000082600000, 0x0000000100000000)
  region size 1024K, 1 young (1024K), 1 survivors (1024K)
 Metaspace       used 30022K, capacity 30297K, committed 30512K, reserved 1077248K
  class space    used 3295K, capacity 3393K, committed 3456K, reserved 1048576K
}
Event: 14.784 GC heap before
{Heap before GC invocations=6 (full 0):
 garbage-first heap   total 31744K, used 23976K [0x0000000082600000, 0x0000000100000000)
  region size 1024K, 9 young (9216K), 1 survivors (1024K)
 Metaspace       used 31296K, capacity 31545K, committed 31920K, reserved 1077248K
  class space    used 3376K, capacity 3489K, committed 3584K, reserved 1048576K
}
Event: 14.786 GC heap after
{Heap after GC invocations=7 (full 0):
 garbage-first heap   total 31744K, used 15740K [0x0000000082600000, 0x0000000100000000)
  region size 1024K, 1 young (1024K), 1 survivors (1024K)
 Metaspace       used 31296K, capacity 31545K, committed 31920K, reserved 1077248K
  class space    used 3376K, capacity 3489K, committed 3584K, reserved 1048576K
}

Deoptimization events (20 events):
Event: 9.599 Thread 0x000001c07a45bff0 DEOPT PACKING pc=0x000001c007c170fc sp=0x00000014fdefef40
Event: 9.599 Thread 0x000001c07a45bff0 DEOPT UNPACKING pc=0x000001c00004e42f sp=0x00000014fdefed60 mode 2
Event: 10.173 Thread 0x000001c07a1feae0 Uncommon trap: trap_request=0xffffff45 fr.pc=0x000001c007b46e30 relative=0x0000000000000090
Event: 10.173 Thread 0x000001c07a1feae0 Uncommon trap: reason=unstable_if action=reinterpret pc=0x000001c007b46e30 method=java.util.concurrent.locks.AbstractQueuedSynchronizer.signalNext(Ljava/util/concurrent/locks/AbstractQueuedSynchronizer$Node;)V @ 17 c2
Event: 10.173 Thread 0x000001c07a1feae0 DEOPT PACKING pc=0x000001c007b46e30 sp=0x00000014fcafed70
Event: 10.173 Thread 0x000001c07a1feae0 DEOPT UNPACKING pc=0x000001c00004e42f sp=0x00000014fcafed00 mode 2
Event: 14.095 Thread 0x000001c07a1feae0 Uncommon trap: trap_request=0xffffff45 fr.pc=0x000001c007c4d648 relative=0x0000000000001288
Event: 14.095 Thread 0x000001c07a1feae0 Uncommon trap: reason=unstable_if action=reinterpret pc=0x000001c007c4d648 method=androidx.compose.runtime.ComposerImpl.end(Z)V @ 712 c2
Event: 14.095 Thread 0x000001c07a1feae0 DEOPT PACKING pc=0x000001c007c4d648 sp=0x00000014fcafd830
Event: 14.095 Thread 0x000001c07a1feae0 DEOPT UNPACKING pc=0x000001c00004e42f sp=0x00000014fcafd790 mode 2
Event: 14.113 Thread 0x000001c07a1feae0 DEOPT PACKING pc=0x000001c0008ca24f sp=0x00000014fcafdda0
Event: 14.113 Thread 0x000001c07a1feae0 DEOPT UNPACKING pc=0x000001c00004e23f sp=0x00000014fcafd250 mode 0
Event: 14.113 Thread 0x000001c07a1feae0 DEOPT PACKING pc=0x000001c0008ca24f sp=0x00000014fcafdda0
Event: 14.113 Thread 0x000001c07a1feae0 DEOPT UNPACKING pc=0x000001c00004e23f sp=0x00000014fcafd250 mode 0
Event: 14.114 Thread 0x000001c07a1feae0 Uncommon trap: trap_request=0xfffffff4 fr.pc=0x000001c007c6e2bc relative=0x0000000000002e9c
Event: 14.114 Thread 0x000001c07a1feae0 Uncommon trap: reason=null_check action=make_not_entrant pc=0x000001c007c6e2bc method=androidx.compose.runtime.snapshots.Snapshot.makeCurrent()Landroidx/compose/runtime/snapshots/Snapshot; @ 6 c2
Event: 14.114 Thread 0x000001c07a1feae0 DEOPT PACKING pc=0x000001c007c6e2bc sp=0x00000014fcafdb30
Event: 14.114 Thread 0x000001c07a1feae0 DEOPT UNPACKING pc=0x000001c00004e42f sp=0x00000014fcafd998 mode 2
Event: 14.115 Thread 0x000001c07a1feae0 DEOPT PACKING pc=0x000001c0008ca24f sp=0x00000014fcafdcc0
Event: 14.115 Thread 0x000001c07a1feae0 DEOPT UNPACKING pc=0x000001c00004e23f sp=0x00000014fcafd170 mode 0

Classes unloaded (0 events):
No events

Classes redefined (0 events):
No events

Internal exceptions (20 events):
Event: 0.347 Thread 0x000001c079c76280 Exception <a 'java/lang/NoSuchMethodError'{0x000000008a094470}: 'void java.lang.invoke.DirectMethodHandle$Holder.invokeStatic(java.lang.Object, java.lang.Object)'> (0x000000008a094470) 
thrown [./open/src/hotspot/share/interpreter/linkResolver.cpp, line 782]
Event: 0.621 Thread 0x000001c06951cb20 Exception <a 'java/lang/ClassNotFoundException'{0x0000000089b46448}: sun/awt/resources/spi/awtProvider> (0x0000000089b46448) 
thrown [./open/src/hotspot/share/classfile/systemDictionary.cpp, line 295]
Event: 0.661 Thread 0x000001c06951cb20 Exception <a 'java/io/FileNotFoundException'{0x0000000089b9e268}> (0x0000000089b9e268) 
thrown [./open/src/hotspot/share/prims/jni.cpp, line 578]
Event: 0.673 Thread 0x000001c06951cb20 Exception <a 'java/io/FileNotFoundException'{0x0000000089bccaa0}> (0x0000000089bccaa0) 
thrown [./open/src/hotspot/share/prims/jni.cpp, line 578]
Event: 0.678 Thread 0x000001c06951cb20 Exception <a 'java/lang/NoSuchMethodError'{0x0000000089bd23f8}: 'void java.lang.invoke.DirectMethodHandle$Holder.invokeSpecial(java.lang.Object, java.lang.Object, java.lang.Object)'> (0x0000000089bd23f8) 
thrown [./open/src/hotspot/share/interpreter/linkResolver.cpp, line 782]
Event: 1.201 Thread 0x000001c07a1feae0 Exception <a 'java/lang/NoSuchMethodError'{0x00000000891b4490}: 'java.lang.Object java.lang.invoke.DirectMethodHandle$Holder.newInvokeSpecial(java.lang.Object, java.lang.Object, java.lang.Object, java.lang.Object, java.lang.Object)'> (0x00000000891b4490) 
thrown [./open/src/hotspot/share/interpreter/linkResolver.cpp, line 782]
Event: 1.207 Thread 0x000001c07a1feae0 Exception <a 'java/lang/NoSuchMethodError'{0x00000000891c01c8}: 'java.lang.Object java.lang.invoke.DirectMethodHandle$Holder.invokeStatic(java.lang.Object, int, java.lang.Object, java.lang.Object, java.lang.Object, java.lang.Object)'> (0x00000000891c01c8) 
thrown [./open/src/hotspot/share/interpreter/linkResolver.cpp, line 782]
Event: 1.219 Thread 0x000001c07a1feae0 Exception <a 'java/lang/NoSuchMethodError'{0x00000000891e6718}: 'java.lang.Object java.lang.invoke.DirectMethodHandle$Holder.invokeStatic(java.lang.Object, int, java.lang.Object)'> (0x00000000891e6718) 
thrown [./open/src/hotspot/share/interpreter/linkResolver.cpp, line 782]
Event: 1.292 Thread 0x000001c07a1feae0 Exception <a 'java/lang/ClassNotFoundException'{0x0000000088f29508}: com/sun/swing/internal/plaf/metal/resources/spi/metalProvider> (0x0000000088f29508) 
thrown [./open/src/hotspot/share/classfile/systemDictionary.cpp, line 295]
Event: 1.294 Thread 0x000001c07a1feae0 Exception <a 'java/lang/ClassNotFoundException'{0x0000000088f2d730}: com/sun/swing/internal/plaf/basic/resources/spi/basicProvider> (0x0000000088f2d730) 
thrown [./open/src/hotspot/share/classfile/systemDictionary.cpp, line 295]
Event: 1.305 Thread 0x000001c07a1feae0 Implicit null exception at 0x000001c007b132e0 to 0x000001c007b13376
Event: 1.555 Thread 0x000001c07a1feae0 Exception <a 'java/lang/NoSuchMethodError'{0x000000008a2e1790}: 'void java.lang.invoke.DirectMethodHandle$Holder.invokeStatic(java.lang.Object, java.lang.Object, java.lang.Object)'> (0x000000008a2e1790) 
thrown [./open/src/hotspot/share/interpreter/linkResolver.cpp, line 782]
Event: 1.747 Thread 0x000001c07a1feae0 Exception <a 'java/lang/NoSuchMethodError'{0x0000000089f372c0}: 'void java.lang.invoke.DirectMethodHandle$Holder.invokeStaticInit(java.lang.Object)'> (0x0000000089f372c0) 
thrown [./open/src/hotspot/share/interpreter/linkResolver.cpp, line 782]
Event: 2.309 Thread 0x000001c07a45d330 Exception <a 'java/lang/NoSuchMethodError'{0x0000000089810178}: 'java.lang.Object java.lang.invoke.DirectMethodHandle$Holder.newInvokeSpecial(java.lang.Object, java.lang.Object, java.lang.Object, int, int, int, int, int)'> (0x0000000089810178) 
thrown [./open/src/hotspot/share/interpreter/linkResolver.cpp, line 782]
Event: 4.560 Thread 0x000001c07a1feae0 Exception <a 'java/lang/NoSuchMethodError'{0x0000000083e97338}: 'java.lang.Object java.lang.invoke.DirectMethodHandle$Holder.invokeSpecial(java.lang.Object, java.lang.Object, long, java.lang.Object, int, int, int, int, java.lang.Object, int, int)'> (0x0000000083e97338) 
thrown [./open/src/hotspot/share/interpreter/linkResolver.cpp, line 782]
Event: 4.561 Thread 0x000001c07a1feae0 Exception <a 'java/lang/NoSuchMethodError'{0x0000000083e9b800}: 'java.lang.Object java.lang.invoke.DelegatingMethodHandle$Holder.reinvoke_L(java.lang.Object, long, java.lang.Object, int, int, int, int, java.lang.Object, int, int)'> (0x0000000083e9b800) 
thrown [./open/src/hotspot/share/interpreter/linkResolver.cpp, line 782]
Event: 4.582 Thread 0x000001c07a1feae0 Exception <a 'java/lang/NoSuchMethodError'{0x0000000083d0db90}: 'java.lang.Object java.lang.invoke.DirectMethodHandle$Holder.invokeSpecial(java.lang.Object, java.lang.Object, long, java.lang.Object, int, int, int, java.lang.Object, java.lang.Object, java.lang.Object)'> (0x0000000083d0db90) 
thrown [./open/src/hotspot/share/interpreter/linkResolver.cpp, line 782]
Event: 4.583 Thread 0x000001c07a1feae0 Exception <a 'java/lang/NoSuchMethodError'{0x0000000083d12aa0}: 'java.lang.Object java.lang.invoke.DelegatingMethodHandle$Holder.reinvoke_L(java.lang.Object, long, java.lang.Object, int, int, int, java.lang.Object, java.lang.Object, java.lang.Object)'> (0x0000000083d12aa0) 
thrown [./open/src/hotspot/share/interpreter/linkResolver.cpp, line 782]
Event: 8.107 Thread 0x000001c07a1feae0 Implicit null exception at 0x000001c007bab317 to 0x000001c007bac2e0
Event: 14.114 Thread 0x000001c07a1feae0 Implicit null exception at 0x000001c007c6c220 to 0x000001c007c6e28c

Events (20 events):
Event: 12.360 Executing VM operation: HandshakeAllThreads done
Event: 14.090 Thread 0x000001c07c06da00 Thread added: 0x000001c07c06da00
Event: 14.093 Thread 0x000001c07c070a20 Thread added: 0x000001c07c070a20
Event: 14.118 Executing VM operation: HandshakeAllThreads
Event: 14.118 Executing VM operation: HandshakeAllThreads done
Event: 14.119 Thread 0x000001c0116cf8f0 Thread added: 0x000001c0116cf8f0
Event: 14.483 Thread 0x000001c0116cf8f0 Thread exited: 0x000001c0116cf8f0
Event: 14.783 Executing VM operation: G1CollectForAllocation
Event: 14.786 Executing VM operation: G1CollectForAllocation done
Event: 14.786 Executing VM operation: HandshakeAllThreads
Event: 14.786 Executing VM operation: HandshakeAllThreads done
Event: 14.787 Executing VM operation: HandshakeAllThreads
Event: 14.787 Executing VM operation: HandshakeAllThreads done
Event: 14.803 Executing VM operation: G1Concurrent
Event: 14.805 Executing VM operation: G1Concurrent done
Event: 14.815 Executing VM operation: G1Concurrent
Event: 14.816 Executing VM operation: G1Concurrent done
Event: 14.816 Executing VM operation: HandshakeAllThreads
Event: 14.816 Executing VM operation: HandshakeAllThreads done
Event: 14.832 Thread 0x000001c0116cd070 Thread added: 0x000001c0116cd070


Dynamic libraries:
0x00007ff728010000 - 0x00007ff72801d000 	C:\Users\ion8\.jdks\openjdk-15.0.1\bin\java.exe
0x00007ff8563b0000 - 0x00007ff8565a5000 	C:\Windows\SYSTEM32\ntdll.dll
0x00007ff856200000 - 0x00007ff8562be000 	C:\Windows\System32\KERNEL32.DLL
0x00007ff854140000 - 0x00007ff854408000 	C:\Windows\System32\KERNELBASE.dll
0x00007ff853bf0000 - 0x00007ff853cf0000 	C:\Windows\System32\ucrtbase.dll
0x00007ff841070000 - 0x00007ff841089000 	C:\Users\ion8\.jdks\openjdk-15.0.1\bin\VCRUNTIME140.dll
0x00007ff841190000 - 0x00007ff8411a8000 	C:\Users\ion8\.jdks\openjdk-15.0.1\bin\jli.dll
0x00007ff854470000 - 0x00007ff854610000 	C:\Windows\System32\USER32.dll
0x00007ff8526d0000 - 0x00007ff85296a000 	C:\Windows\WinSxS\amd64_microsoft.windows.common-controls_6595b64144ccf1df_6.0.19041.1110_none_60b5254171f9507e\COMCTL32.dll
0x00007ff853b70000 - 0x00007ff853b92000 	C:\Windows\System32\win32u.dll
0x00007ff855480000 - 0x00007ff8554aa000 	C:\Windows\System32\GDI32.dll
0x00007ff855170000 - 0x00007ff85520e000 	C:\Windows\System32\msvcrt.dll
0x00007ff853d60000 - 0x00007ff853e6b000 	C:\Windows\System32\gdi32full.dll
0x00007ff853ad0000 - 0x00007ff853b6d000 	C:\Windows\System32\msvcp_win.dll
0x00007ff855140000 - 0x00007ff855170000 	C:\Windows\System32\IMM32.DLL
0x00007ff8490b0000 - 0x00007ff8490bc000 	C:\Users\ion8\.jdks\openjdk-15.0.1\bin\vcruntime140_1.dll
0x00007ff8008b0000 - 0x00007ff800941000 	C:\Users\ion8\.jdks\openjdk-15.0.1\bin\msvcp140.dll
0x00007fffd6430000 - 0x00007fffd6f8e000 	C:\Users\ion8\.jdks\openjdk-15.0.1\bin\server\jvm.dll
0x00007ff856150000 - 0x00007ff8561fe000 	C:\Windows\System32\ADVAPI32.dll
0x00007ff8547c0000 - 0x00007ff85485c000 	C:\Windows\System32\sechost.dll
0x00007ff855780000 - 0x00007ff8558a5000 	C:\Windows\System32\RPCRT4.dll
0x00007ff854980000 - 0x00007ff854988000 	C:\Windows\System32\PSAPI.DLL
0x00007ff8356c0000 - 0x00007ff8356c9000 	C:\Windows\SYSTEM32\WSOCK32.dll
0x00007ff852470000 - 0x00007ff852497000 	C:\Windows\SYSTEM32\WINMM.dll
0x00007ff8552f0000 - 0x00007ff85535b000 	C:\Windows\System32\WS2_32.dll
0x00007ff848f10000 - 0x00007ff848f1a000 	C:\Windows\SYSTEM32\VERSION.dll
0x00007ff8514a0000 - 0x00007ff8514b2000 	C:\Windows\SYSTEM32\kernel.appcore.dll
0x00007ff848d40000 - 0x00007ff848d4a000 	C:\Users\ion8\.jdks\openjdk-15.0.1\bin\jimage.dll
0x00007ff84bfa0000 - 0x00007ff84c184000 	C:\Windows\SYSTEM32\DBGHELP.DLL
0x00007ff848b60000 - 0x00007ff848b8c000 	C:\Windows\SYSTEM32\dbgcore.DLL
0x00007ff854080000 - 0x00007ff854102000 	C:\Windows\System32\bcryptPrimitives.dll
0x00007ff848cf0000 - 0x00007ff848cfe000 	C:\Users\ion8\.jdks\openjdk-15.0.1\bin\instrument.dll
0x00007ff840f60000 - 0x00007ff840f85000 	C:\Users\ion8\.jdks\openjdk-15.0.1\bin\java.dll
0x00007ff854990000 - 0x00007ff8550d4000 	C:\Windows\System32\SHELL32.dll
0x00007ff851bb0000 - 0x00007ff852344000 	C:\Windows\SYSTEM32\windows.storage.dll
0x00007ff855df0000 - 0x00007ff856144000 	C:\Windows\System32\combase.dll
0x00007ff853510000 - 0x00007ff85353c000 	C:\Windows\SYSTEM32\Wldp.dll
0x00007ff8562c0000 - 0x00007ff85636d000 	C:\Windows\System32\SHCORE.dll
0x00007ff8550e0000 - 0x00007ff855135000 	C:\Windows\System32\shlwapi.dll
0x00007ff853a10000 - 0x00007ff853a2f000 	C:\Windows\SYSTEM32\profapi.dll
0x00007ff83c3d0000 - 0x00007ff83c3e8000 	C:\Users\ion8\.jdks\openjdk-15.0.1\bin\zip.dll
0x00007ff840e20000 - 0x00007ff840e39000 	C:\Users\ion8\.jdks\openjdk-15.0.1\bin\net.dll
0x00007ff84a720000 - 0x00007ff84a82a000 	C:\Windows\SYSTEM32\WINHTTP.dll
0x00007ff853200000 - 0x00007ff85326a000 	C:\Windows\system32\mswsock.dll
0x00007ff840940000 - 0x00007ff840952000 	C:\Users\ion8\.jdks\openjdk-15.0.1\bin\nio.dll
0x00007ff83fbb0000 - 0x00007ff83fbca000 	C:\Program Files\JetBrains\IntelliJ IDEA Community Edition 2020.3\bin\breakgen64.dll
0x00007ff82feb0000 - 0x00007ff82fed5000 	C:\Users\ion8\AppData\Local\Temp\jSerialComm\1652035282293-jSerialComm.dll
0x00007ff855980000 - 0x00007ff855dea000 	C:\Windows\System32\SETUPAPI.dll
0x00007ff853ba0000 - 0x00007ff853bee000 	C:\Windows\System32\cfgmgr32.dll
0x00007ff854110000 - 0x00007ff854137000 	C:\Windows\System32\bcrypt.dll
0x00007ffff4d60000 - 0x00007ffff4edf000 	C:\Users\ion8\.jdks\openjdk-15.0.1\bin\awt.dll
0x00007ff8558b0000 - 0x00007ff85597d000 	C:\Windows\System32\OLEAUT32.dll
0x00007ff84db60000 - 0x00007ff84dbf0000 	C:\Windows\SYSTEM32\apphelp.dll
0x00007ff84dd20000 - 0x00007ff84ddbe000 	C:\Windows\system32\uxtheme.dll
0x00007ff855360000 - 0x00007ff855475000 	C:\Windows\System32\MSCTF.dll
0x00007ff8554c0000 - 0x00007ff8555ea000 	C:\Windows\System32\ole32.dll
0x00007ff84df20000 - 0x00007ff84df4f000 	C:\Windows\system32\DWMAPI.DLL
0x00007ff8264a0000 - 0x00007ff8265c6000 	C:\Windows\system32\opengl32.dll
0x00007ff83f520000 - 0x00007ff83f54c000 	C:\Windows\SYSTEM32\GLU32.dll
0x00007fffd54b0000 - 0x00007fffd642f000 	C:\Users\ion8\.skiko\f28ffa63097245827254072e9c3b7dcdee1ce686708186d0137a5b4ada6e3a89\skiko-windows-x64.dll
0x00007ff81d1d0000 - 0x00007ff81d255000 	C:\Users\ion8\.jdks\openjdk-15.0.1\bin\freetype.dll
0x00007ff81c1f0000 - 0x00007ff81c299000 	C:\Users\ion8\.jdks\openjdk-15.0.1\bin\fontmanager.dll
0x00007ff848aa0000 - 0x00007ff848aa7000 	C:\Users\ion8\.jdks\openjdk-15.0.1\bin\jawt.dll
0x00007ff851510000 - 0x00007ff851603000 	C:\Windows\SYSTEM32\Dxgi.dll
0x00007ff83c2e0000 - 0x00007ff83c300000 	C:\Windows\SYSTEM32\D3D12.dll
0x00007fffdfdd0000 - 0x00007fffdff9d000 	C:\Windows\SYSTEM32\D3D12Core.dll
0x00007ff84a850000 - 0x00007ff84a88b000 	C:\Windows\SYSTEM32\dxcore.dll
0x00007ff842e20000 - 0x00007ff844de8000 	C:\Windows\System32\DriverStore\FileRepository\iigd_dch.inf_amd64_f2e9b40ac1013e96\igc64.dll
0x00007fffbf440000 - 0x00007fffc07cc000 	C:\Windows\System32\DriverStore\FileRepository\iigd_dch.inf_amd64_f2e9b40ac1013e96\igd12umd64.dll
0x00007ff844ef0000 - 0x00007ff84500a000 	C:\Windows\System32\DriverStore\FileRepository\iigd_dch.inf_amd64_f2e9b40ac1013e96\igdgmm64.dll
0x00007ff827d00000 - 0x00007ff827d2b000 	C:\Windows\SYSTEM32\D3DSCache.dll
0x00007ff8539d0000 - 0x00007ff8539fe000 	C:\Windows\SYSTEM32\USERENV.dll
0x00007fffbb8f0000 - 0x00007fffbf438000 	C:\Windows\System32\DriverStore\FileRepository\iigd_dch.inf_amd64_f2e9b40ac1013e96\igd12dxva64.dll
0x00007ff817eb0000 - 0x00007ff817ed1000 	C:\Windows\System32\DriverStore\FileRepository\iigd_dch.inf_amd64_f2e9b40ac1013e96\igdinfo64.dll
0x00007ff849610000 - 0x00007ff849811000 	C:\Windows\SYSTEM32\twinapi.appcore.dll
0x00007ff8241e0000 - 0x00007ff82445f000 	C:\Windows\SYSTEM32\dwrite.dll
0x00007ff853880000 - 0x00007ff8538ac000 	C:\Windows\SYSTEM32\DEVOBJ.dll
0x00007ff853cf0000 - 0x00007ff853d58000 	C:\Windows\System32\WINTRUST.dll
0x00007ff853f20000 - 0x00007ff854076000 	C:\Windows\System32\CRYPT32.dll
0x00007ff8535b0000 - 0x00007ff8535d4000 	C:\Program Files\Common Files\Crypto Pro\AppCompat\cpcrypt.dll
0x00007ff8536c0000 - 0x00007ff8536d2000 	C:\Windows\SYSTEM32\MSASN1.dll
0x00007ff840170000 - 0x00007ff840220000 	C:\Windows\WinSxS\amd64_microsoft.windows.common-controls_6595b64144ccf1df_5.82.19041.1110_none_792d1c772443f647\comctl32.dll
0x00007ff854870000 - 0x00007ff854919000 	C:\Windows\System32\clbcatq.dll
0x00007ff84bb40000 - 0x00007ff84bc36000 	C:\Windows\SYSTEM32\PROPSYS.dll
0x00007ff8408e0000 - 0x00007ff8408f7000 	C:\Windows\system32\NetworkExplorer.dll
0x00007ff822370000 - 0x00007ff822485000 	C:\Users\ion8\AppData\Roaming\Yandex\YandexDisk2\3.2.3.4146\YandexDisk3ShellExt-1511.dll
0x00007ff840420000 - 0x00007ff8405c5000 	C:\Windows\WinSxS\amd64_microsoft.windows.gdiplus_6595b64144ccf1df_1.1.19041.1645_none_91a2a668cc89980b\gdiplus.dll
0x00007ff84bf80000 - 0x00007ff84bf87000 	C:\Windows\SYSTEM32\MSIMG32.dll
0x00007ff837760000 - 0x00007ff83777f000 	C:\Windows\SYSTEM32\MPR.dll
0x00007ff81dbd0000 - 0x00007ff81dbed000 	C:\Windows\System32\p9np.dll
0x00007ff83fe90000 - 0x00007ff83fe9b000 	C:\Windows\System32\drprov.dll
0x00007ff851930000 - 0x00007ff85198a000 	C:\Windows\System32\WINSTA.dll
0x00007ff81ce60000 - 0x00007ff81ce80000 	C:\Windows\System32\ntlanman.dll
0x00007ff81ca00000 - 0x00007ff81ca1e000 	C:\Windows\System32\davclnt.dll
0x00007ff83b2e0000 - 0x00007ff83b2ed000 	C:\Windows\System32\DAVHLPR.dll
0x00007ff852c30000 - 0x00007ff852c49000 	C:\Windows\System32\wkscli.dll
0x00007ff836f00000 - 0x00007ff836f12000 	C:\Windows\SYSTEM32\cscapi.dll
0x00007ff852fc0000 - 0x00007ff852fcc000 	C:\Windows\System32\netutils.dll
0x00007ff82cc10000 - 0x00007ff82cc66000 	C:\Windows\System32\dlnashext.dll
0x00007ff821d60000 - 0x00007ff821dc4000 	C:\Windows\System32\PlayToDevice.dll
0x00007ff848e50000 - 0x00007ff848e70000 	C:\Windows\System32\DevDispItemProvider.dll
0x00007ff847880000 - 0x00007ff847905000 	C:\Windows\System32\MMDevApi.dll
0x00007ff818980000 - 0x00007ff818a21000 	C:\Windows\system32\wpdshext.dll
0x00007ff846a60000 - 0x00007ff846b03000 	C:\Windows\System32\PortableDeviceApi.dll
0x00007ff825d30000 - 0x00007ff825d67000 	C:\Windows\System32\EhStorShell.dll
0x00007ff827cd0000 - 0x00007ff827cf6000 	C:\Windows\System32\EhStorAPI.dll
0x00007ff84bc70000 - 0x00007ff84bc84000 	C:\Windows\System32\WTSAPI32.dll
0x00007ff83add0000 - 0x00007ff83addd000 	C:\Windows\SYSTEM32\LINKINFO.dll
0x00007ff829b40000 - 0x00007ff829bd0000 	C:\Windows\System32\appresolver.dll
0x00007ff826260000 - 0x00007ff8262bb000 	C:\Windows\System32\Bcp47Langs.dll
0x00007ff851790000 - 0x00007ff8517b9000 	C:\Windows\System32\SLC.dll
0x00007ff851760000 - 0x00007ff851785000 	C:\Windows\System32\sppc.dll
0x00007ff840f50000 - 0x00007ff840f60000 	C:\Users\ion8\.jdks\openjdk-15.0.1\bin\verify.dll
0x00007ff83ae10000 - 0x00007ff83af09000 	C:\Windows\SYSTEM32\textinputframework.dll
0x00007ff84d250000 - 0x00007ff84d5ae000 	C:\Windows\System32\CoreUIComponents.dll
0x00007ff84d930000 - 0x00007ff84da22000 	C:\Windows\System32\CoreMessaging.dll
0x00007ff852390000 - 0x00007ff8523c3000 	C:\Windows\SYSTEM32\ntmarta.dll
0x00007ff84c270000 - 0x00007ff84c3c4000 	C:\Windows\SYSTEM32\wintypes.dll
0x00007ff84d060000 - 0x00007ff84d245000 	C:\Windows\SYSTEM32\dcomp.dll
0x00007ff84c3d0000 - 0x00007ff84c82d000 	C:\Windows\SYSTEM32\d3dcompiler_47.dll
0x00007ff853460000 - 0x00007ff853478000 	C:\Windows\SYSTEM32\CRYPTSP.dll
0x00007ff853440000 - 0x00007ff853459000 	C:\Program Files\Common Files\Crypto Pro\AppCompat\cpadvai.dll

dbghelp: loaded successfully - version: 4.0.5 - missing functions: none
symbol engine: initialized successfully - sym options: 0x614 - pdb path: .;C:\Users\ion8\.jdks\openjdk-15.0.1\bin;C:\Windows\SYSTEM32;C:\Windows\WinSxS\amd64_microsoft.windows.common-controls_6595b64144ccf1df_6.0.19041.1110_none_60b5254171f9507e;C:\Users\ion8\.jdks\openjdk-15.0.1\bin\server;C:\Program Files\JetBrains\IntelliJ IDEA Community Edition 2020.3\bin;C:\Users\ion8\AppData\Local\Temp\jSerialComm;C:\Users\ion8\.skiko\f28ffa63097245827254072e9c3b7dcdee1ce686708186d0137a5b4ada6e3a89;C:\Windows\System32\DriverStore\FileRepository\iigd_dch.inf_amd64_f2e9b40ac1013e96;C:\Program Files\Common Files\Crypto Pro\AppCompat;C:\Windows\WinSxS\amd64_microsoft.windows.common-controls_6595b64144ccf1df_5.82.19041.1110_none_792d1c772443f647;C:\Users\ion8\AppData\Roaming\Yandex\YandexDisk2\3.2.3.4146;C:\Windows\WinSxS\amd64_microsoft.windows.gdiplus_6595b64144ccf1df_1.1.19041.1645_none_91a2a668cc89980b

VM Arguments:
jvm_args: -javaagent:C:\Program Files\JetBrains\IntelliJ IDEA Community Edition 2020.3\lib\idea_rt.jar=54745:C:\Program Files\JetBrains\IntelliJ IDEA Community Edition 2020.3\bin -Dfile.encoding=UTF-8 
java_command: MainKt
java_class_path (initial): C:\Users\ion8\Documents\DesktopMachineTool\ComposeAgregatkaD1\build\classes\kotlin\main;C:\Users\ion8\.gradle\caches\modules-2\files-2.1\org.jetbrains.kotlin\kotlin-stdlib-jdk8\1.5.31\ff5d99aecd328872494e8921b72bf6e3af97af3e\kotlin-stdlib-jdk8-1.5.31.jar;C:\Users\ion8\.gradle\caches\modules-2\files-2.1\com.fazecast\jSerialComm\2.7.0\744e63e833fe4b9297776483c0cb16126b5cd602\jSerialComm-2.7.0.jar;C:\Users\ion8\.gradle\caches\modules-2\files-2.1\org.apache.poi\poi\5.0.0\68039007ca335269576dd526e16671c579045dfc\poi-5.0.0.jar;C:\Users\ion8\.gradle\caches\modules-2\files-2.1\org.jfree\jcommon\1.0.24\d5016f7703896c38f9e511f8a9edda2585cbac8b\jcommon-1.0.24.jar;C:\Users\ion8\.gradle\caches\modules-2\files-2.1\org.jfree\jfreechart\1.5.3\26c6d7143d8a905a54c7e2296cea6ce4c5ecb417\jfreechart-1.5.3.jar;C:\Users\ion8\.gradle\caches\modules-2\files-2.1\org.jetbrains.kotlin\kotlin-stdlib-jdk7\1.5.31\77e0f2568912e45d26c31fd417a332458508acdf\kotlin-stdlib-jdk7-1.5.31.jar;C:\Users\ion8\.gradle\caches\modules-2\files-2.1\org.jetbrains.kotlin\kotlin-stdlib\1.5.31\6628d61d0f5603568e72d2d5915d2c034b4f1c55\kotlin-stdlib-1.5.31.jar;C:\Users\ion8\.gradle\caches\modules-2\files-2.1\org.slf4j\jcl-over-slf4j\1.7.30\cd92524ea19d27e5b94ecd251e1af729cffdfe15\jcl-over-slf4j-1.7.30.jar;C:\Users\ion8\.gradle\caches\modules-2\files-2.1\org.slf4j\slf4j-api\1.7.30\b5a4b6d16ab13e34a88fae84c35cd5d68cac922c\slf4j-api-1.7.30.jar;C:\Users\ion8\.gradle\caches\modules-2\files-2.1\commons-codec\commons-codec\1.15\49d94806b6e3dc933dacbd8acb0fdbab8ebd1e5d\commons-codec-1.15.jar;C:\Users\ion8\.gradle\caches\modules-2\files-2.1\org.apache.commons\commons-collections4\4.4\62ebe7544cb7164d87e0637a2a6a2bdc981395e8\commons-collections4-4.4.jar;C:\Users\ion8\.gradle\caches\modules-2\files-2.1\org.apache.commons\commons-math3\3.6.1\e4ba98f1d4b3c80ec46392f25e094a6a2e58fcbf\commons-math3-3.6.1.jar;C:\Users\ion8\.gradle\caches\modules-2\files-2.1\com.zaxxer\SparseBitSet\1.2\8467c813d442837fcaeddbc
Launcher Type: SUN_STANDARD

[Global flags]
     intx CICompilerCount                          = 4                                         {product} {ergonomic}
     uint ConcGCThreads                            = 2                                         {product} {ergonomic}
     uint G1ConcRefinementThreads                  = 8                                         {product} {ergonomic}
   size_t G1HeapRegionSize                         = 1048576                                   {product} {ergonomic}
    uintx GCDrainStackTargetSize                   = 64                                        {product} {ergonomic}
   size_t InitialHeapSize                          = 132120576                                 {product} {ergonomic}
   size_t MarkStackSize                            = 4194304                                   {product} {ergonomic}
   size_t MaxHeapSize                              = 2107637760                                {product} {ergonomic}
   size_t MaxNewSize                               = 1264582656                                {product} {ergonomic}
   size_t MinHeapDeltaBytes                        = 1048576                                   {product} {ergonomic}
   size_t MinHeapSize                              = 8388608                                   {product} {ergonomic}
    uintx NonNMethodCodeHeapSize                   = 5839372                                {pd product} {ergonomic}
    uintx NonProfiledCodeHeapSize                  = 122909434                              {pd product} {ergonomic}
    uintx ProfiledCodeHeapSize                     = 122909434                              {pd product} {ergonomic}
    uintx ReservedCodeCacheSize                    = 251658240                              {pd product} {ergonomic}
     bool SegmentedCodeCache                       = true                                      {product} {ergonomic}
   size_t SoftMaxHeapSize                          = 2107637760                             {manageable} {ergonomic}
     bool UseCompressedClassPointers               = true                                 {lp64_product} {ergonomic}
     bool UseCompressedOops                        = true                                 {lp64_product} {ergonomic}
     bool UseG1GC                                  = true                                      {product} {ergonomic}
     bool UseLargePagesIndividualAllocation        = false                                  {pd product} {ergonomic}

Logging:
Log output configuration:
 #0: stdout all=warning uptime,level,tags
 #1: stderr all=off uptime,level,tags

Environment Variables:
PATH=C:\Program Files (x86)\Common Files\Oracle\Java\javapath;C:\Python39\Scripts\;C:\Python39\;C:\Windows\system32;C:\Windows;C:\Windows\System32\Wbem;C:\Windows\System32\WindowsPowerShell\v1.0\;C:\Windows\System32\OpenSSH\;C:\Program Files\Intel\WiFi\bin\;C:\Program Files\Common Files\Intel\WirelessCommon\;C:\Program Files\NVIDIA Corporation\NVIDIA NvDLISR;C:\Program Files\Microsoft SQL Server\Client SDK\ODBC\110\Tools\Binn\;C:\Program Files (x86)\Microsoft SQL Server\120\Tools\Binn\;C:\Program Files\Microsoft SQL Server\120\Tools\Binn\;C:\Program Files\Microsoft SQL Server\120\DTS\Binn\;C:\Program Files (x86)\Windows Kits\8.1\Windows Performance Toolkit\;C:\Program Files\Git\cmd;D:\Programs\New Folder\;D:\Programs\nodejs\;D:\Programs\;C:\Program Files\Cloudflare\Cloudflare WARP\;C:\Users\ion8\AppData\Local\Microsoft\WindowsApps;C:\Program Files\Intel\WiFi\bin\;C:\Program Files\Common Files\Intel\WirelessCommon\;D:\Programs\Microsoft VS Code\bin;C:\Users\ion8\AppData\Roaming\npm;D:\Programs\heroku\bin
USERNAME=ion8
OS=Windows_NT
PROCESSOR_IDENTIFIER=Intel64 Family 6 Model 142 Stepping 11, GenuineIntel



---------------  S Y S T E M  ---------------

OS:
 Windows 10 , 64 bit Build 19041 (10.0.19041.1645)
OS uptime: 10 days 1:59 hours
HyperV virtualization detected

CPU: total 8 (initial active 8) (4 cores per cpu, 2 threads per core) family 6 model 142 stepping 11 microcode 0xae, cmov, cx8, fxsr, mmx, sse, sse2, sse3, ssse3, sse4.1, sse4.2, popcnt, vzeroupper, avx, avx2, aes, clmul, erms, 3dnowpref, lzcnt, ht, tsc, tscinvbit, bmi1, bmi2, adx, fma, clflush, clflushopt

Memory: 4k page, system-wide physical 8039M (716M free)
TotalPageFile size 22037M (AvailPageFile size 4927M)
current process WorkingSet (physical memory assigned to process): 242M, peak: 261M
current process commit charge ("private bytes"): 266M, peak: 286M

vm_info: OpenJDK 64-Bit Server VM (15.0.1+9-18) for windows-amd64 JRE (15.0.1+9-18), built on Sep 15 2020 14:39:31 by "mach5one" with unknown MS VC++:1925

END.
